<?xml version="1.0" encoding="UTF-8"?>
<testng-results skipped="0" failed="0" ignored="0" total="1" passed="1">
  <reporter-output>
  </reporter-output>
  <suite name="Suite" duration-ms="110270" started-at="2023-03-10T16:28:24 GMT" finished-at="2023-03-10T16:30:14 GMT">
    <groups>
    </groups>
    <test name="Test" duration-ms="110270" started-at="2023-03-10T16:28:24 GMT" finished-at="2023-03-10T16:30:14 GMT">
      <class name="com.projectName.testscripts.Register">
        <test-method status="PASS" signature="lunch()[pri:0, instance:com.projectName.testscripts.Register@7b69c6ba]" name="lunch" is-config="true" duration-ms="104690" started-at="2023-03-10T16:28:24 GMT" finished-at="2023-03-10T16:30:08 GMT">
          <reporter-output>
          </reporter-output>
        </test-method> <!-- lunch -->
        <test-method status="PASS" signature="test()[pri:0, instance:com.projectName.testscripts.Register@7b69c6ba]" name="test" duration-ms="5541" started-at="2023-03-10T16:30:08 GMT" finished-at="2023-03-10T16:30:14 GMT">
          <reporter-output>
          </reporter-output>
        </test-method> <!-- test -->
      </class> <!-- com.projectName.testscripts.Register -->
    </test> <!-- Test -->
  </suite> <!-- Suite -->
</testng-results>
