<?xml version="1.0" encoding="UTF-8"?>
<testng-results skipped="0" failed="0" ignored="0" total="1" passed="1">
  <reporter-output>
  </reporter-output>
  <suite name="Suite" duration-ms="5907" started-at="2021-10-11T13:59:39 IST" finished-at="2021-10-11T13:59:45 IST">
    <groups>
    </groups>
    <test name="Test" duration-ms="5907" started-at="2021-10-11T13:59:39 IST" finished-at="2021-10-11T13:59:45 IST">
      <class name="com.projectName.testscripts.Register">
        <test-method status="PASS" signature="lunch()[pri:0, instance:com.projectName.testscripts.Register@23faf8f2]" name="lunch" is-config="true" duration-ms="4319" started-at="2021-10-11T13:59:39 IST" finished-at="2021-10-11T13:59:43 IST">
          <reporter-output>
          </reporter-output>
        </test-method> <!-- lunch -->
        <test-method status="PASS" signature="test()[pri:0, instance:com.projectName.testscripts.Register@23faf8f2]" name="test" duration-ms="1561" started-at="2021-10-11T13:59:43 IST" finished-at="2021-10-11T13:59:45 IST">
          <reporter-output>
          </reporter-output>
        </test-method> <!-- test -->
      </class> <!-- com.projectName.testscripts.Register -->
    </test> <!-- Test -->
  </suite> <!-- Suite -->
</testng-results>
